<?xml version="1.0" encoding="UTF-8"?>
<testng-results ignored="0" total="2" passed="2" failed="0" skipped="0">
  <reporter-output>
  </reporter-output>
  <suite started-at="2025-06-12T12:43:20 IST" name="Gradle suite" finished-at="2025-06-12T12:43:27 IST" duration-ms="6345">
    <groups>
      <group name="regression">
        <method signature="DemoApiTest.testGetEndpoint()[pri:0, instance:com.example.rest.automation.suite.demo.DemoApiTest@dc9876b]" name="testGetEndpoint" class="com.example.rest.automation.suite.demo.DemoApiTest"/>
      </group> <!-- regression -->
      <group name="smoke">
        <method signature="DemoApiTest.testPostEndpoint()[pri:0, instance:com.example.rest.automation.suite.demo.DemoApiTest@dc9876b]" name="testPostEndpoint" class="com.example.rest.automation.suite.demo.DemoApiTest"/>
      </group> <!-- smoke -->
    </groups>
    <test started-at="2025-06-12T12:43:20 IST" name="Gradle test" finished-at="2025-06-12T12:43:27 IST" duration-ms="6345">
      <class name="com.example.rest.automation.suite.demo.DemoApiTest">
        <test-method signature="testGetEndpoint()[pri:0, instance:com.example.rest.automation.suite.demo.DemoApiTest@dc9876b]" started-at="2025-06-12T12:43:20 IST" name="testGetEndpoint" finished-at="2025-06-12T12:43:26 IST" duration-ms="5988" status="PASS">
          <reporter-output>
          </reporter-output>
        </test-method> <!-- testGetEndpoint -->
        <test-method signature="testPostEndpoint()[pri:0, instance:com.example.rest.automation.suite.demo.DemoApiTest@dc9876b]" started-at="2025-06-12T12:43:26 IST" name="testPostEndpoint" finished-at="2025-06-12T12:43:27 IST" duration-ms="279" status="PASS">
          <reporter-output>
          </reporter-output>
        </test-method> <!-- testPostEndpoint -->
      </class> <!-- com.example.rest.automation.suite.demo.DemoApiTest -->
    </test> <!-- Gradle test -->
  </suite> <!-- Gradle suite -->
</testng-results>
